  [1m[35m (0.7ms)[0m  [1m[35mCREATE TABLE "schema_migrations" ("version" varchar NOT NULL PRIMARY KEY)[0m
  [1m[35m (0.4ms)[0m  [1m[35mCREATE TABLE "ar_internal_metadata" ("key" varchar NOT NULL PRIMARY KEY, "value" varchar, "created_at" datetime(6) NOT NULL, "updated_at" datetime(6) NOT NULL)[0m
  [1m[36mActiveRecord::SchemaMigration Pluck (0.1ms)[0m  [1m[34mSELECT "schema_migrations"."version" FROM "schema_migrations" ORDER BY "schema_migrations"."version" ASC[0m
Migrating to CreatePosts (20221207171832)
  [1m[36mTRANSACTION (0.0ms)[0m  [1m[36mbegin transaction[0m
  [1m[35m (0.2ms)[0m  [1m[35mCREATE TABLE "posts" ("id" integer PRIMARY KEY AUTOINCREMENT NOT NULL, "title" varchar, "content" text, "created_at" datetime(6) NOT NULL, "updated_at" datetime(6) NOT NULL)[0m
  [1m[36mActiveRecord::SchemaMigration Create (0.1ms)[0m  [1m[32mINSERT INTO "schema_migrations" ("version") VALUES (?)[0m  [["version", "20221207171832"]]
  [1m[36mTRANSACTION (0.6ms)[0m  [1m[36mcommit transaction[0m
  [1m[36mActiveRecord::InternalMetadata Load (0.2ms)[0m  [1m[34mSELECT "ar_internal_metadata".* FROM "ar_internal_metadata" WHERE "ar_internal_metadata"."key" = ? LIMIT ?[0m  [["key", "environment"], ["LIMIT", 1]]
  [1m[36mTRANSACTION (0.0ms)[0m  [1m[36mbegin transaction[0m
  [1m[36mActiveRecord::InternalMetadata Create (0.3ms)[0m  [1m[32mINSERT INTO "ar_internal_metadata" ("key", "value", "created_at", "updated_at") VALUES (?, ?, ?, ?)[0m  [["key", "environment"], ["value", "development"], ["created_at", "2022-12-08 00:07:22.309555"], ["updated_at", "2022-12-08 00:07:22.309555"]]
  [1m[36mTRANSACTION (0.5ms)[0m  [1m[36mcommit transaction[0m
  [1m[36mActiveRecord::SchemaMigration Pluck (0.0ms)[0m  [1m[34mSELECT "schema_migrations"."version" FROM "schema_migrations" ORDER BY "schema_migrations"."version" ASC[0m
Started GET "/" for ::1 at 2022-12-11 10:46:17 +0900
  [1m[36mActiveRecord::SchemaMigration Pluck (1.0ms)[0m  [1m[34mSELECT "schema_migrations"."version" FROM "schema_migrations" ORDER BY "schema_migrations"."version" ASC[0m
Processing by HomeController#form as HTML
  Rendering layout layouts/application.html.erb
  Rendering home/form.html.erb within layouts/application
  Rendered home/form.html.erb within layouts/application (Duration: 9.3ms | Allocations: 400)
  Rendered layout layouts/application.html.erb (Duration: 1191.0ms | Allocations: 90450)
Completed 200 OK in 1250ms (Views: 1213.8ms | ActiveRecord: 0.0ms | Allocations: 94687)


Started GET "/" for ::1 at 2022-12-11 10:46:26 +0900
Processing by PostsController#index as HTML
  Rendering layout layouts/application.html.erb
  Rendering posts/index.html.erb within layouts/application
  [1m[36mPost Load (0.3ms)[0m  [1m[34mSELECT "posts".* FROM "posts" /* loading for inspect */ LIMIT ?[0m  [["LIMIT", 11]]
  Rendered posts/index.html.erb within layouts/application (Duration: 20.2ms | Allocations: 6971)
  Rendered layout layouts/application.html.erb (Duration: 20.4ms | Allocations: 7060)
Completed 500 Internal Server Error in 24ms (ActiveRecord: 0.5ms | Allocations: 8712)


  
ActionView::Template::Error (undefined method `eacho' for #<ActiveRecord::Relation []>
Did you mean?  each):
     8:     <th>์์ฑ์ผ</th>
     9:     <th>์์์ผ </th>
    10:   </tr>
    11:   <% @posts.eacho do |post| %>
    12:     <tr>
    13:       <td><%= post.id  %></td>
    14:       <td><%= post.title %></td>
  
app/views/posts/index.html.erb:11
Started GET "/" for ::1 at 2022-12-11 10:46:43 +0900
Processing by PostsController#index as HTML
  Rendering layout layouts/application.html.erb
  Rendering posts/index.html.erb within layouts/application
  [1m[36mPost Load (0.5ms)[0m  [1m[34mSELECT "posts".* FROM "posts"[0m
  โณ app/views/posts/index.html.erb:11
  Rendered posts/index.html.erb within layouts/application (Duration: 1.8ms | Allocations: 885)
  Rendered layout layouts/application.html.erb (Duration: 16.4ms | Allocations: 15131)
Completed 200 OK in 20ms (Views: 17.6ms | ActiveRecord: 0.5ms | Allocations: 15973)


Started GET "/posts/new" for ::1 at 2022-12-11 10:46:46 +0900
Processing by PostsController#new as HTML
  Rendering layout layouts/application.html.erb
  Rendering posts/new.html.erb within layouts/application
  Rendered posts/new.html.erb within layouts/application (Duration: 1.0ms | Allocations: 83)
  Rendered layout layouts/application.html.erb (Duration: 5.6ms | Allocations: 2446)
Completed 200 OK in 8ms (Views: 6.5ms | ActiveRecord: 0.0ms | Allocations: 2785)


Started GET "/posts/new" for ::1 at 2022-12-11 10:47:50 +0900
Processing by PostsController#new as HTML
  Rendering layout layouts/application.html.erb
  Rendering posts/new.html.erb within layouts/application
  Rendered posts/new.html.erb within layouts/application (Duration: 0.8ms | Allocations: 389)
  Rendered layout layouts/application.html.erb (Duration: 5.2ms | Allocations: 2953)
Completed 200 OK in 8ms (Views: 6.9ms | ActiveRecord: 0.0ms | Allocations: 3751)


Started GET "/posts/new" for ::1 at 2022-12-11 12:54:31 +0900
Processing by PostsController#new as HTML
  Rendering layout layouts/application.html.erb
  Rendering posts/new.html.erb within layouts/application
  Rendered posts/new.html.erb within layouts/application (Duration: 0.6ms | Allocations: 410)
  Rendered layout layouts/application.html.erb (Duration: 9.5ms | Allocations: 14335)
Completed 200 OK in 11ms (Views: 10.4ms | Allocations: 15265)


Started GET "/posts/new" for ::1 at 2022-12-11 12:57:46 +0900
Processing by PostsController#new as HTML
  Rendering layout layouts/application.html.erb
  Rendering posts/new.html.erb within layouts/application
  Rendered posts/new.html.erb within layouts/application (Duration: 0.3ms | Allocations: 197)
  Rendered layout layouts/application.html.erb (Duration: 9.0ms | Allocations: 2381)
Completed 200 OK in 10ms (Views: 9.3ms | Allocations: 2659)


Started POST "/posts/create" for ::1 at 2022-12-11 13:01:46 +0900
  
SyntaxError (/Users/jeff/workspace/git/ruby-study/app/controllers/posts_controller.rb:10: syntax error, unexpected local variable or method, expecting `end'
...t:params[:content]) redirect_to "/posts/index"
...                    ^~~~~~~~~~~
):
  
app/controllers/posts_controller.rb:10: syntax error, unexpected local variable or method, expecting `end'
app/controllers/posts_controller.rb:10: syntax error, unexpected local variable or method, expecting `end'
app/controllers/posts_controller.rb:10: syntax error, unexpected local variable or method, expecting `end'
Started GET "/posts/new" for ::1 at 2022-12-11 13:02:21 +0900
  
SyntaxError (/Users/jeff/workspace/git/ruby-study/app/controllers/posts_controller.rb:10: syntax error, unexpected local variable or method, expecting `end'
...: params[:content]) redirect_to "/posts/index"
...                    ^~~~~~~~~~~
):
  
app/controllers/posts_controller.rb:10: syntax error, unexpected local variable or method, expecting `end'
app/controllers/posts_controller.rb:10: syntax error, unexpected local variable or method, expecting `end'
app/controllers/posts_controller.rb:10: syntax error, unexpected local variable or method, expecting `end'
Started GET "/" for ::1 at 2022-12-11 13:02:26 +0900
  
SyntaxError (/Users/jeff/workspace/git/ruby-study/app/controllers/posts_controller.rb:10: syntax error, unexpected local variable or method, expecting `end'
...: params[:content]) redirect_to "/posts/index"
...                    ^~~~~~~~~~~
):
  
app/controllers/posts_controller.rb:10: syntax error, unexpected local variable or method, expecting `end'
app/controllers/posts_controller.rb:10: syntax error, unexpected local variable or method, expecting `end'
app/controllers/posts_controller.rb:10: syntax error, unexpected local variable or method, expecting `end'
Started GET "/" for ::1 at 2022-12-11 13:02:33 +0900
  
SyntaxError (/Users/jeff/workspace/git/ruby-study/app/controllers/posts_controller.rb:10: syntax error, unexpected local variable or method, expecting `end'
...: params[:content]) redirect_to "/posts/index"
...                    ^~~~~~~~~~~
):
  
app/controllers/posts_controller.rb:10: syntax error, unexpected local variable or method, expecting `end'
app/controllers/posts_controller.rb:10: syntax error, unexpected local variable or method, expecting `end'
app/controllers/posts_controller.rb:10: syntax error, unexpected local variable or method, expecting `end'
Started GET "/" for ::1 at 2022-12-11 13:02:34 +0900
  
SyntaxError (/Users/jeff/workspace/git/ruby-study/app/controllers/posts_controller.rb:10: syntax error, unexpected local variable or method, expecting `end'
...: params[:content]) redirect_to "/posts/index"
...                    ^~~~~~~~~~~
):
  
app/controllers/posts_controller.rb:10: syntax error, unexpected local variable or method, expecting `end'
app/controllers/posts_controller.rb:10: syntax error, unexpected local variable or method, expecting `end'
app/controllers/posts_controller.rb:10: syntax error, unexpected local variable or method, expecting `end'
Started GET "/posts/new" for ::1 at 2022-12-11 13:02:37 +0900
  
SyntaxError (/Users/jeff/workspace/git/ruby-study/app/controllers/posts_controller.rb:10: syntax error, unexpected local variable or method, expecting `end'
...: params[:content]) redirect_to "/posts/index"
...                    ^~~~~~~~~~~
):
  
app/controllers/posts_controller.rb:10: syntax error, unexpected local variable or method, expecting `end'
app/controllers/posts_controller.rb:10: syntax error, unexpected local variable or method, expecting `end'
app/controllers/posts_controller.rb:10: syntax error, unexpected local variable or method, expecting `end'
Started GET "/" for ::1 at 2022-12-11 13:03:12 +0900
  
SyntaxError (/Users/jeff/workspace/git/ruby-study/app/controllers/posts_controller.rb:10: syntax error, unexpected local variable or method, expecting `end'
...: params[:content]) redirect_to "/posts/index"
...                    ^~~~~~~~~~~
):
  
app/controllers/posts_controller.rb:10: syntax error, unexpected local variable or method, expecting `end'
app/controllers/posts_controller.rb:10: syntax error, unexpected local variable or method, expecting `end'
app/controllers/posts_controller.rb:10: syntax error, unexpected local variable or method, expecting `end'
Started GET "/" for ::1 at 2022-12-11 13:03:31 +0900
Processing by PostsController#index as HTML
  Rendering layout layouts/application.html.erb
  Rendering posts/index.html.erb within layouts/application
  [1m[36mPost Load (0.8ms)[0m  [1m[34mSELECT "posts".* FROM "posts"[0m
  โณ app/views/posts/index.html.erb:11
  Rendered posts/index.html.erb within layouts/application (Duration: 2.6ms | Allocations: 1074)
  Rendered layout layouts/application.html.erb (Duration: 22.5ms | Allocations: 15154)
Completed 200 OK in 26ms (Views: 23.0ms | ActiveRecord: 1.0ms | Allocations: 16467)


Started GET "/posts/new" for ::1 at 2022-12-11 13:05:56 +0900
Processing by PostsController#new as HTML
  Rendering layout layouts/application.html.erb
  Rendering posts/new.html.erb within layouts/application
  Rendered posts/new.html.erb within layouts/application (Duration: 0.4ms | Allocations: 199)
  Rendered layout layouts/application.html.erb (Duration: 4.6ms | Allocations: 2382)
Completed 200 OK in 6ms (Views: 5.0ms | ActiveRecord: 0.0ms | Allocations: 2661)


Started POST "/posts/create" for ::1 at 2022-12-11 13:06:03 +0900
Processing by PostsController#create as TURBO_STREAM
  Parameters: {"authenticity_token"=>"[FILTERED]", "title"=>"title1", "content"=>"content1"}
  [1m[36mTRANSACTION (0.1ms)[0m  [1m[36mbegin transaction[0m
  โณ app/controllers/posts_controller.rb:10:in `create'
  [1m[36mPost Create (1.5ms)[0m  [1m[32mINSERT INTO "posts" ("title", "content", "created_at", "updated_at") VALUES (?, ?, ?, ?)[0m  [["title", "title1"], ["content", "content1"], ["created_at", "2022-12-11 04:06:03.704257"], ["updated_at", "2022-12-11 04:06:03.704257"]]
  โณ app/controllers/posts_controller.rb:10:in `create'
  [1m[36mTRANSACTION (0.6ms)[0m  [1m[36mcommit transaction[0m
  โณ app/controllers/posts_controller.rb:10:in `create'
Redirected to http://localhost:3000/posts/index
Completed 302 Found in 33ms (ActiveRecord: 2.8ms | Allocations: 10843)


Started GET "/posts/index" for ::1 at 2022-12-11 13:06:03 +0900
Processing by PostsController#index as TURBO_STREAM
  Rendering layout layouts/application.html.erb
  Rendering posts/index.html.erb within layouts/application
  [1m[36mPost Load (0.1ms)[0m  [1m[34mSELECT "posts".* FROM "posts"[0m
  โณ app/views/posts/index.html.erb:11
  Rendered posts/index.html.erb within layouts/application (Duration: 0.8ms | Allocations: 698)
  Rendered layout layouts/application.html.erb (Duration: 4.1ms | Allocations: 3196)
Completed 200 OK in 5ms (Views: 4.3ms | ActiveRecord: 0.1ms | Allocations: 3564)


Started GET "/posts/index" for ::1 at 2022-12-11 13:10:10 +0900
Processing by PostsController#index as HTML
  Rendering layout layouts/application.html.erb
  Rendering posts/index.html.erb within layouts/application
  [1m[36mPost Load (0.0ms)[0m  [1m[34mSELECT "posts".* FROM "posts"[0m
  โณ app/views/posts/index.html.erb:13
  Rendered posts/index.html.erb within layouts/application (Duration: 3.6ms | Allocations: 2746)
  Rendered layout layouts/application.html.erb (Duration: 14.0ms | Allocations: 16998)
Completed 200 OK in 17ms (Views: 15.1ms | ActiveRecord: 0.4ms | Allocations: 18565)


Started GET "/posts/index" for ::1 at 2022-12-11 13:10:35 +0900
Processing by PostsController#index as HTML
  Rendering layout layouts/application.html.erb
  Rendering posts/index.html.erb within layouts/application
  [1m[36mPost Load (0.1ms)[0m  [1m[34mSELECT "posts".* FROM "posts"[0m
  โณ app/views/posts/index.html.erb:13
  Rendered posts/index.html.erb within layouts/application (Duration: 1.9ms | Allocations: 964)
  Rendered layout layouts/application.html.erb (Duration: 5.8ms | Allocations: 3750)
Completed 200 OK in 9ms (Views: 7.6ms | ActiveRecord: 0.1ms | Allocations: 4575)


Started GET "/posts/show/1" for ::1 at 2022-12-11 13:10:36 +0900
  
ActionController::RoutingError (No route matches [GET] "/posts/show/1"):
  
Started GET "/posts/index" for ::1 at 2022-12-11 13:10:38 +0900
Processing by PostsController#index as HTML
  Rendering layout layouts/application.html.erb
  Rendering posts/index.html.erb within layouts/application
  [1m[36mPost Load (0.1ms)[0m  [1m[34mSELECT "posts".* FROM "posts"[0m
  โณ app/views/posts/index.html.erb:13
  Rendered posts/index.html.erb within layouts/application (Duration: 1.0ms | Allocations: 693)
  Rendered layout layouts/application.html.erb (Duration: 4.7ms | Allocations: 3157)
Completed 200 OK in 6ms (Views: 4.9ms | ActiveRecord: 0.1ms | Allocations: 3468)


Started GET "/posts/index" for ::1 at 2022-12-11 19:45:40 +0900
Processing by PostsController#index as HTML
  Rendering layout layouts/application.html.erb
  Rendering posts/index.html.erb within layouts/application
  [1m[36mPost Load (1.4ms)[0m  [1m[34mSELECT "posts".* FROM "posts"[0m
  โณ app/views/posts/index.html.erb:13
  Rendered posts/index.html.erb within layouts/application (Duration: 4.0ms | Allocations: 2395)
  Rendered layout layouts/application.html.erb (Duration: 19.4ms | Allocations: 16654)
Completed 200 OK in 23ms (Views: 20.3ms | ActiveRecord: 1.5ms | Allocations: 18220)


Started GET "/posts/show/1" for ::1 at 2022-12-11 19:45:41 +0900
  
ActionController::RoutingError (No route matches [GET] "/posts/show/1"):
  
Started GET "/posts/index" for ::1 at 2022-12-11 19:45:45 +0900
Processing by PostsController#index as HTML
  Rendering layout layouts/application.html.erb
  Rendering posts/index.html.erb within layouts/application
  [1m[36mPost Load (0.1ms)[0m  [1m[34mSELECT "posts".* FROM "posts"[0m
  โณ app/views/posts/index.html.erb:13
  Rendered posts/index.html.erb within layouts/application (Duration: 1.1ms | Allocations: 604)
  Rendered layout layouts/application.html.erb (Duration: 5.6ms | Allocations: 2956)
Completed 200 OK in 7ms (Views: 5.9ms | ActiveRecord: 0.1ms | Allocations: 3249)


Started GET "/posts/index" for ::1 at 2022-12-11 19:45:57 +0900
Processing by PostsController#index as HTML
  Rendering layout layouts/application.html.erb
  Rendering posts/index.html.erb within layouts/application
  [1m[36mPost Load (0.3ms)[0m  [1m[34mSELECT "posts".* FROM "posts"[0m
  โณ app/views/posts/index.html.erb:13
  Rendered posts/index.html.erb within layouts/application (Duration: 3.0ms | Allocations: 2768)
  Rendered layout layouts/application.html.erb (Duration: 15.5ms | Allocations: 17003)
Completed 200 OK in 21ms (Views: 16.6ms | ActiveRecord: 0.8ms | Allocations: 18568)


Started GET "/posts/show/1" for ::1 at 2022-12-11 19:45:58 +0900
  
ActionController::RoutingError (No route matches [GET] "/posts/show/1"):
  
Started GET "/rails/info/routes?path=a" for ::1 at 2022-12-11 19:46:00 +0900
Processing by Rails::InfoController#routes as */*
  Parameters: {"path"=>"a"}
Completed 200 OK in 4ms (Views: 0.5ms | ActiveRecord: 0.0ms | Allocations: 2910)


Started GET "/posts/index" for ::1 at 2022-12-11 19:46:05 +0900
Processing by PostsController#index as HTML
  Rendering layout layouts/application.html.erb
  Rendering posts/index.html.erb within layouts/application
  [1m[36mPost Load (0.1ms)[0m  [1m[34mSELECT "posts".* FROM "posts"[0m
  โณ app/views/posts/index.html.erb:13
  Rendered posts/index.html.erb within layouts/application (Duration: 1.5ms | Allocations: 972)
  Rendered layout layouts/application.html.erb (Duration: 5.3ms | Allocations: 3762)
Completed 200 OK in 8ms (Views: 7.0ms | ActiveRecord: 0.1ms | Allocations: 4598)


Started GET "/posts/index" for ::1 at 2022-12-11 19:50:15 +0900
Processing by PostsController#index as HTML
  Rendering layout layouts/application.html.erb
  Rendering posts/index.html.erb within layouts/application
  [1m[36mPost Load (0.3ms)[0m  [1m[34mSELECT "posts".* FROM "posts"[0m
  โณ app/views/posts/index.html.erb:13
  Rendered posts/index.html.erb within layouts/application (Duration: 4.0ms | Allocations: 2537)
  Rendered layout layouts/application.html.erb (Duration: 39.6ms | Allocations: 16628)
Completed 200 OK in 50ms (Views: 40.1ms | ActiveRecord: 0.7ms | Allocations: 17868)


Started GET "/posts/show/1" for ::1 at 2022-12-11 19:50:16 +0900
Processing by PostsController#show as HTML
  Parameters: {"id"=>"1"}
  [1m[36mPost Load (0.7ms)[0m  [1m[34mSELECT "posts".* FROM "posts" WHERE "posts"."id" = ? LIMIT ?[0m  [["id", 1], ["LIMIT", 1]]
  โณ app/controllers/posts_controller.rb:15:in `show'
  Rendering layout layouts/application.html.erb
  Rendering posts/show.html.erb within layouts/application
  Rendered posts/show.html.erb within layouts/application (Duration: 8.2ms | Allocations: 161)
  Rendered layout layouts/application.html.erb (Duration: 25.9ms | Allocations: 2684)
Completed 200 OK in 89ms (Views: 29.3ms | ActiveRecord: 0.7ms | Allocations: 4989)


Started GET "/posts/index" for ::1 at 2022-12-11 19:50:17 +0900
Processing by PostsController#index as HTML
  Rendering layout layouts/application.html.erb
  Rendering posts/index.html.erb within layouts/application
  [1m[36mPost Load (0.1ms)[0m  [1m[34mSELECT "posts".* FROM "posts"[0m
  โณ app/views/posts/index.html.erb:13
  Rendered posts/index.html.erb within layouts/application (Duration: 0.8ms | Allocations: 634)
  Rendered layout layouts/application.html.erb (Duration: 3.7ms | Allocations: 2979)
Completed 200 OK in 5ms (Views: 3.9ms | ActiveRecord: 0.1ms | Allocations: 3254)


Started GET "/posts/show/1" for ::1 at 2022-12-11 19:50:20 +0900
Processing by PostsController#show as HTML
  Parameters: {"id"=>"1"}
  [1m[36mPost Load (0.1ms)[0m  [1m[34mSELECT "posts".* FROM "posts" WHERE "posts"."id" = ? LIMIT ?[0m  [["id", 1], ["LIMIT", 1]]
  โณ app/controllers/posts_controller.rb:15:in `show'
  Rendering layout layouts/application.html.erb
  Rendering posts/show.html.erb within layouts/application
  Rendered posts/show.html.erb within layouts/application (Duration: 0.1ms | Allocations: 11)
  Rendered layout layouts/application.html.erb (Duration: 3.9ms | Allocations: 2323)
Completed 200 OK in 6ms (Views: 4.3ms | ActiveRecord: 0.1ms | Allocations: 3052)


Started GET "/posts/show/1" for ::1 at 2022-12-11 19:51:22 +0900
Processing by PostsController#show as HTML
  Parameters: {"id"=>"1"}
  [1m[36mPost Load (0.1ms)[0m  [1m[34mSELECT "posts".* FROM "posts" WHERE "posts"."id" = ? LIMIT ?[0m  [["id", 1], ["LIMIT", 1]]
  โณ app/controllers/posts_controller.rb:15:in `show'
  Rendering layout layouts/application.html.erb
  Rendering posts/show.html.erb within layouts/application
  Rendered posts/show.html.erb within layouts/application (Duration: 0.0ms | Allocations: 11)
  Rendered layout layouts/application.html.erb (Duration: 3.0ms | Allocations: 2332)
Completed 200 OK in 5ms (Views: 3.2ms | ActiveRecord: 0.1ms | Allocations: 3058)


Started GET "/posts/show/1" for ::1 at 2022-12-11 20:47:45 +0900
Processing by PostsController#show as HTML
  Parameters: {"id"=>"1"}
  [1m[36mPost Load (0.3ms)[0m  [1m[34mSELECT "posts".* FROM "posts" WHERE "posts"."id" = ? LIMIT ?[0m  [["id", 1], ["LIMIT", 1]]
  โณ app/controllers/posts_controller.rb:15:in `show'
  Rendering layout layouts/application.html.erb
  Rendering posts/show.html.erb within layouts/application
  Rendered posts/show.html.erb within layouts/application (Duration: 1.3ms | Allocations: 164)
  Rendered layout layouts/application.html.erb (Duration: 21.6ms | Allocations: 14391)
Completed 200 OK in 28ms (Views: 23.5ms | ActiveRecord: 0.4ms | Allocations: 18501)


Started GET "/" for ::1 at 2022-12-11 20:47:49 +0900
Processing by PostsController#index as HTML
  Rendering layout layouts/application.html.erb
  Rendering posts/index.html.erb within layouts/application
  [1m[36mPost Load (0.2ms)[0m  [1m[34mSELECT "posts".* FROM "posts"[0m
  โณ app/views/posts/index.html.erb:13
  Rendered posts/index.html.erb within layouts/application (Duration: 2.8ms | Allocations: 979)
  Rendered layout layouts/application.html.erb (Duration: 7.1ms | Allocations: 3327)
Completed 200 OK in 9ms (Views: 7.4ms | ActiveRecord: 0.2ms | Allocations: 3672)


Started GET "/posts/edit/1" for ::1 at 2022-12-11 20:47:59 +0900
Processing by PostsController#edit as HTML
  Parameters: {"id"=>"1"}
  [1m[36mPost Load (0.1ms)[0m  [1m[34mSELECT "posts".* FROM "posts" WHERE "posts"."id" = ? LIMIT ?[0m  [["id", 1], ["LIMIT", 1]]
  โณ app/controllers/posts_controller.rb:19:in `edit'
  Rendering layout layouts/application.html.erb
  Rendering posts/edit.html.erb within layouts/application
  Rendered posts/edit.html.erb within layouts/application (Duration: 0.7ms | Allocations: 327)
  Rendered layout layouts/application.html.erb (Duration: 3.4ms | Allocations: 2502)
Completed 200 OK in 6ms (Views: 3.7ms | ActiveRecord: 0.1ms | Allocations: 3306)


Started GET "/posts/edit/1" for ::1 at 2022-12-11 20:49:38 +0900
Processing by PostsController#edit as HTML
  Parameters: {"id"=>"1"}
  [1m[36mPost Load (0.2ms)[0m  [1m[34mSELECT "posts".* FROM "posts" WHERE "posts"."id" = ? LIMIT ?[0m  [["id", 1], ["LIMIT", 1]]
  โณ app/controllers/posts_controller.rb:19:in `edit'
  Rendering layout layouts/application.html.erb
  Rendering posts/edit.html.erb within layouts/application
  Rendered posts/edit.html.erb within layouts/application (Duration: 1.7ms | Allocations: 432)
  Rendered layout layouts/application.html.erb (Duration: 6.7ms | Allocations: 2985)
Completed 200 OK in 12ms (Views: 9.0ms | ActiveRecord: 0.2ms | Allocations: 4249)


Started GET "/posts/edit/1" for ::1 at 2022-12-11 20:49:39 +0900
Processing by PostsController#edit as HTML
  Parameters: {"id"=>"1"}
  [1m[36mPost Load (0.2ms)[0m  [1m[34mSELECT "posts".* FROM "posts" WHERE "posts"."id" = ? LIMIT ?[0m  [["id", 1], ["LIMIT", 1]]
  โณ app/controllers/posts_controller.rb:19:in `edit'
  Rendering layout layouts/application.html.erb
  Rendering posts/edit.html.erb within layouts/application
  Rendered posts/edit.html.erb within layouts/application (Duration: 0.6ms | Allocations: 188)
  Rendered layout layouts/application.html.erb (Duration: 10.3ms | Allocations: 2363)
Completed 200 OK in 13ms (Views: 10.8ms | ActiveRecord: 0.2ms | Allocations: 3161)


Started GET "/posts/edit/1" for ::1 at 2022-12-11 20:49:45 +0900
Processing by PostsController#edit as HTML
  Parameters: {"id"=>"1"}
  [1m[36mPost Load (0.1ms)[0m  [1m[34mSELECT "posts".* FROM "posts" WHERE "posts"."id" = ? LIMIT ?[0m  [["id", 1], ["LIMIT", 1]]
  โณ app/controllers/posts_controller.rb:19:in `edit'
  Rendering layout layouts/application.html.erb
  Rendering posts/edit.html.erb within layouts/application
  Rendered posts/edit.html.erb within layouts/application (Duration: 0.4ms | Allocations: 185)
  Rendered layout layouts/application.html.erb (Duration: 4.9ms | Allocations: 2360)
Completed 200 OK in 7ms (Views: 5.3ms | ActiveRecord: 0.1ms | Allocations: 3084)


Started POST "/posts/update/1" for ::1 at 2022-12-11 20:53:20 +0900
  
ActionController::RoutingError (No route matches [POST] "/posts/update/1"):
  
Started GET "/posts/edit/1" for ::1 at 2022-12-11 20:53:20 +0900
Processing by PostsController#edit as HTML
  Parameters: {"id"=>"1"}
  [1m[36mPost Load (0.4ms)[0m  [1m[34mSELECT "posts".* FROM "posts" WHERE "posts"."id" = ? LIMIT ?[0m  [["id", 1], ["LIMIT", 1]]
  โณ app/controllers/posts_controller.rb:19:in `edit'
  Rendering layout layouts/application.html.erb
  Rendering posts/edit.html.erb within layouts/application
  Rendered posts/edit.html.erb within layouts/application (Duration: 1.0ms | Allocations: 442)
  Rendered layout layouts/application.html.erb (Duration: 4.8ms | Allocations: 3009)
Completed 200 OK in 12ms (Views: 6.6ms | ActiveRecord: 0.4ms | Allocations: 4226)


Started GET "/posts/edit/1" for ::1 at 2022-12-11 21:05:48 +0900
Processing by PostsController#edit as HTML
  Parameters: {"id"=>"1"}
  [1m[36mPost Load (0.4ms)[0m  [1m[34mSELECT "posts".* FROM "posts" WHERE "posts"."id" = ? LIMIT ?[0m  [["id", 1], ["LIMIT", 1]]
  โณ app/controllers/posts_controller.rb:19:in `edit'
  Rendering layout layouts/application.html.erb
  Rendering posts/edit.html.erb within layouts/application
  Rendered posts/edit.html.erb within layouts/application (Duration: 0.6ms | Allocations: 436)
  Rendered layout layouts/application.html.erb (Duration: 8.0ms | Allocations: 14433)
Completed 200 OK in 13ms (Views: 9.1ms | ActiveRecord: 0.6ms | Allocations: 18539)


Started POST "/posts/update/1" for ::1 at 2022-12-11 21:05:58 +0900
  
ActionController::RoutingError (No route matches [POST] "/posts/update/1"):
  
Started GET "/posts/edit/1" for ::1 at 2022-12-11 21:05:58 +0900
Processing by PostsController#edit as HTML
  Parameters: {"id"=>"1"}
  [1m[36mPost Load (0.2ms)[0m  [1m[34mSELECT "posts".* FROM "posts" WHERE "posts"."id" = ? LIMIT ?[0m  [["id", 1], ["LIMIT", 1]]
  โณ app/controllers/posts_controller.rb:19:in `edit'
  Rendering layout layouts/application.html.erb
  Rendering posts/edit.html.erb within layouts/application
  Rendered posts/edit.html.erb within layouts/application (Duration: 0.5ms | Allocations: 191)
  Rendered layout layouts/application.html.erb (Duration: 3.5ms | Allocations: 2366)
Completed 200 OK in 5ms (Views: 3.8ms | ActiveRecord: 0.2ms | Allocations: 3161)


Started POST "/posts/update/1" for ::1 at 2022-12-11 21:06:10 +0900
  
ActionController::RoutingError (No route matches [POST] "/posts/update/1"):
  
Started GET "/posts/edit/1" for ::1 at 2022-12-11 21:06:11 +0900
Processing by PostsController#edit as HTML
  Parameters: {"id"=>"1"}
  [1m[36mPost Load (0.0ms)[0m  [1m[34mSELECT "posts".* FROM "posts" WHERE "posts"."id" = ? LIMIT ?[0m  [["id", 1], ["LIMIT", 1]]
  โณ app/controllers/posts_controller.rb:19:in `edit'
  Rendering layout layouts/application.html.erb
  Rendering posts/edit.html.erb within layouts/application
  Rendered posts/edit.html.erb within layouts/application (Duration: 0.3ms | Allocations: 275)
  Rendered layout layouts/application.html.erb (Duration: 8.3ms | Allocations: 14125)
Completed 200 OK in 14ms (Views: 8.7ms | ActiveRecord: 0.3ms | Allocations: 18302)


Started POST "/posts/update/1" for ::1 at 2022-12-11 21:06:53 +0900
  
ActionController::RoutingError (No route matches [POST] "/posts/update/1"):
  
Started GET "/posts/edit/1" for ::1 at 2022-12-11 21:06:53 +0900
Processing by PostsController#edit as HTML
  Parameters: {"id"=>"1"}
  [1m[36mPost Load (0.0ms)[0m  [1m[34mSELECT "posts".* FROM "posts" WHERE "posts"."id" = ? LIMIT ?[0m  [["id", 1], ["LIMIT", 1]]
  โณ app/controllers/posts_controller.rb:19:in `edit'
  Rendering layout layouts/application.html.erb
  Rendering posts/edit.html.erb within layouts/application
  Rendered posts/edit.html.erb within layouts/application (Duration: 0.5ms | Allocations: 445)
  Rendered layout layouts/application.html.erb (Duration: 9.5ms | Allocations: 14442)
Completed 200 OK in 16ms (Views: 10.6ms | ActiveRecord: 0.4ms | Allocations: 18825)


Started GET "/posts/" for ::1 at 2022-12-11 21:06:57 +0900
  
ActionController::RoutingError (No route matches [GET] "/posts"):
  
Started GET "/" for ::1 at 2022-12-11 21:07:00 +0900
Processing by PostsController#index as HTML
  Rendering layout layouts/application.html.erb
  Rendering posts/index.html.erb within layouts/application
  [1m[36mPost Load (0.2ms)[0m  [1m[34mSELECT "posts".* FROM "posts"[0m
  โณ app/views/posts/index.html.erb:13
  Rendered posts/index.html.erb within layouts/application (Duration: 2.7ms | Allocations: 969)
  Rendered layout layouts/application.html.erb (Duration: 7.5ms | Allocations: 3316)
Completed 200 OK in 9ms (Views: 7.8ms | ActiveRecord: 0.2ms | Allocations: 3662)


Started GET "/posts/edit/1" for ::1 at 2022-12-11 21:07:02 +0900
Processing by PostsController#edit as HTML
  Parameters: {"id"=>"1"}
  [1m[36mPost Load (0.1ms)[0m  [1m[34mSELECT "posts".* FROM "posts" WHERE "posts"."id" = ? LIMIT ?[0m  [["id", 1], ["LIMIT", 1]]
  โณ app/controllers/posts_controller.rb:19:in `edit'
  Rendering layout layouts/application.html.erb
  Rendering posts/edit.html.erb within layouts/application
  Rendered posts/edit.html.erb within layouts/application (Duration: 0.6ms | Allocations: 197)
  Rendered layout layouts/application.html.erb (Duration: 4.7ms | Allocations: 2372)
Completed 200 OK in 8ms (Views: 5.2ms | ActiveRecord: 0.1ms | Allocations: 3122)


Started POST "/posts/update/1" for ::1 at 2022-12-11 21:07:06 +0900
  
ActionController::RoutingError (No route matches [POST] "/posts/update/1"):
  
Started GET "/posts/edit/1" for ::1 at 2022-12-11 21:07:06 +0900
Processing by PostsController#edit as HTML
  Parameters: {"id"=>"1"}
  [1m[36mPost Load (0.1ms)[0m  [1m[34mSELECT "posts".* FROM "posts" WHERE "posts"."id" = ? LIMIT ?[0m  [["id", 1], ["LIMIT", 1]]
  โณ app/controllers/posts_controller.rb:19:in `edit'
  Rendering layout layouts/application.html.erb
  Rendering posts/edit.html.erb within layouts/application
  Rendered posts/edit.html.erb within layouts/application (Duration: 0.3ms | Allocations: 191)
  Rendered layout layouts/application.html.erb (Duration: 3.2ms | Allocations: 2380)
Completed 200 OK in 5ms (Views: 3.4ms | ActiveRecord: 0.1ms | Allocations: 3104)


Started POST "/posts/update/1" for ::1 at 2022-12-11 21:07:36 +0900
  
ActionController::RoutingError (No route matches [POST] "/posts/update/1"):
  
Started GET "/posts/edit/1" for ::1 at 2022-12-11 21:07:36 +0900
Processing by PostsController#edit as HTML
  Parameters: {"id"=>"1"}
  [1m[36mPost Load (0.0ms)[0m  [1m[34mSELECT "posts".* FROM "posts" WHERE "posts"."id" = ? LIMIT ?[0m  [["id", 1], ["LIMIT", 1]]
  โณ app/controllers/posts_controller.rb:19:in `edit'
  Rendering layout layouts/application.html.erb
  Rendering posts/edit.html.erb within layouts/application
  Rendered posts/edit.html.erb within layouts/application (Duration: 0.5ms | Allocations: 457)
  Rendered layout layouts/application.html.erb (Duration: 11.1ms | Allocations: 14454)
Completed 200 OK in 16ms (Views: 12.1ms | ActiveRecord: 0.3ms | Allocations: 18894)


Started POST "/posts/update/1" for ::1 at 2022-12-11 21:09:23 +0900
  
ActionController::RoutingError (No route matches [POST] "/posts/update/1"):
  
Started GET "/posts/edit/1" for ::1 at 2022-12-11 21:09:23 +0900
Processing by PostsController#edit as HTML
  Parameters: {"id"=>"1"}
  [1m[36mPost Load (0.0ms)[0m  [1m[34mSELECT "posts".* FROM "posts" WHERE "posts"."id" = ? LIMIT ?[0m  [["id", 1], ["LIMIT", 1]]
  โณ app/controllers/posts_controller.rb:19:in `edit'
  Rendering layout layouts/application.html.erb
  Rendering posts/edit.html.erb within layouts/application
  Rendered posts/edit.html.erb within layouts/application (Duration: 0.3ms | Allocations: 275)
  Rendered layout layouts/application.html.erb (Duration: 8.2ms | Allocations: 14117)
Completed 200 OK in 15ms (Views: 8.6ms | ActiveRecord: 0.3ms | Allocations: 18242)


Started POST "/posts/update/1" for ::1 at 2022-12-11 21:09:24 +0900
  
ActionController::RoutingError (No route matches [POST] "/posts/update/1"):
  
Started GET "/posts/edit/1" for ::1 at 2022-12-11 21:09:24 +0900
Processing by PostsController#edit as HTML
  Parameters: {"id"=>"1"}
  [1m[36mPost Load (0.1ms)[0m  [1m[34mSELECT "posts".* FROM "posts" WHERE "posts"."id" = ? LIMIT ?[0m  [["id", 1], ["LIMIT", 1]]
  โณ app/controllers/posts_controller.rb:19:in `edit'
  Rendering layout layouts/application.html.erb
  Rendering posts/edit.html.erb within layouts/application
  Rendered posts/edit.html.erb within layouts/application (Duration: 0.2ms | Allocations: 185)
  Rendered layout layouts/application.html.erb (Duration: 5.1ms | Allocations: 2360)
Completed 200 OK in 6ms (Views: 5.3ms | ActiveRecord: 0.1ms | Allocations: 3155)


Started POST "/posts/update/1" for ::1 at 2022-12-11 21:09:25 +0900
  
ActionController::RoutingError (No route matches [POST] "/posts/update/1"):
  
Started GET "/posts/edit/1" for ::1 at 2022-12-11 21:09:25 +0900
Processing by PostsController#edit as HTML
  Parameters: {"id"=>"1"}
  [1m[36mPost Load (0.1ms)[0m  [1m[34mSELECT "posts".* FROM "posts" WHERE "posts"."id" = ? LIMIT ?[0m  [["id", 1], ["LIMIT", 1]]
  โณ app/controllers/posts_controller.rb:19:in `edit'
  Rendering layout layouts/application.html.erb
  Rendering posts/edit.html.erb within layouts/application
  Rendered posts/edit.html.erb within layouts/application (Duration: 0.3ms | Allocations: 185)
  Rendered layout layouts/application.html.erb (Duration: 3.0ms | Allocations: 2374)
Completed 200 OK in 4ms (Views: 3.3ms | ActiveRecord: 0.1ms | Allocations: 3098)


Started GET "/" for ::1 at 2022-12-11 21:09:53 +0900
Processing by PostsController#index as HTML
  Rendering layout layouts/application.html.erb
  Rendering posts/index.html.erb within layouts/application
  [1m[36mPost Load (0.1ms)[0m  [1m[34mSELECT "posts".* FROM "posts"[0m
  โณ app/views/posts/index.html.erb:13
  Rendered posts/index.html.erb within layouts/application (Duration: 1.2ms | Allocations: 945)
  Rendered layout layouts/application.html.erb (Duration: 3.7ms | Allocations: 3286)
Completed 200 OK in 5ms (Views: 3.9ms | ActiveRecord: 0.1ms | Allocations: 3612)


Started GET "/" for ::1 at 2022-12-11 21:10:38 +0900
Processing by PostsController#index as HTML
  Rendering layout layouts/application.html.erb
  Rendering posts/index.html.erb within layouts/application
  [1m[36mPost Load (0.0ms)[0m  [1m[34mSELECT "posts".* FROM "posts"[0m
  โณ app/views/posts/index.html.erb:15
  Rendered posts/index.html.erb within layouts/application (Duration: 2.3ms | Allocations: 2787)
  Rendered layout layouts/application.html.erb (Duration: 12.1ms | Allocations: 17049)
Completed 200 OK in 15ms (Views: 13.1ms | ActiveRecord: 0.3ms | Allocations: 18613)


Started GET "/" for ::1 at 2022-12-11 21:14:22 +0900
Processing by PostsController#index as HTML
  Rendering layout layouts/application.html.erb
  Rendering posts/index.html.erb within layouts/application
  [1m[36mPost Load (0.0ms)[0m  [1m[34mSELECT "posts".* FROM "posts"[0m
  โณ app/views/posts/index.html.erb:15
  Rendered posts/index.html.erb within layouts/application (Duration: 2.8ms | Allocations: 2729)
  Rendered layout layouts/application.html.erb (Duration: 15.3ms | Allocations: 16990)
Completed 200 OK in 19ms (Views: 16.3ms | ActiveRecord: 0.3ms | Allocations: 18553)


Started GET "/posts/edit/1" for ::1 at 2022-12-11 21:14:23 +0900
Processing by PostsController#edit as HTML
  Parameters: {"id"=>"1"}
  [1m[36mPost Load (0.1ms)[0m  [1m[34mSELECT "posts".* FROM "posts" WHERE "posts"."id" = ? LIMIT ?[0m  [["id", 1], ["LIMIT", 1]]
  โณ app/controllers/posts_controller.rb:19:in `edit'
  Rendering layout layouts/application.html.erb
  Rendering posts/edit.html.erb within layouts/application
  Rendered posts/edit.html.erb within layouts/application (Duration: 0.6ms | Allocations: 328)
  Rendered layout layouts/application.html.erb (Duration: 4.8ms | Allocations: 2503)
Completed 200 OK in 7ms (Views: 5.0ms | ActiveRecord: 0.1ms | Allocations: 3965)


Started POST "/posts/update/1" for ::1 at 2022-12-11 21:15:28 +0900
Processing by PostsController#update as TURBO_STREAM
  Parameters: {"authenticity_token"=>"[FILTERED]", "title"=>"title1", "content"=>"content1\nupdate\n  ", "id"=>"1"}
  [1m[36mPost Load (0.0ms)[0m  [1m[34mSELECT "posts".* FROM "posts" WHERE "posts"."id" = ? LIMIT ?[0m  [["id", 1], ["LIMIT", 1]]
  โณ app/controllers/posts_controller.rb:24:in `update'
  [1m[36mTRANSACTION (0.0ms)[0m  [1m[36mbegin transaction[0m
  โณ app/controllers/posts_controller.rb:26:in `update'
  [1m[36mPost Update (0.6ms)[0m  [1m[33mUPDATE "posts" SET "content" = ?, "updated_at" = ? WHERE "posts"."id" = ?[0m  [["content", "content1\nupdate\n  "], ["updated_at", "2022-12-11 12:15:28.855149"], ["id", 1]]
  โณ app/controllers/posts_controller.rb:26:in `update'
  [1m[36mTRANSACTION (0.5ms)[0m  [1m[36mcommit transaction[0m
  โณ app/controllers/posts_controller.rb:26:in `update'
Redirected to http://localhost:3000/posts/show/1
Completed 302 Found in 7ms (ActiveRecord: 1.4ms | Allocations: 6086)


Started GET "/posts/show/1" for ::1 at 2022-12-11 21:15:28 +0900
Processing by PostsController#show as TURBO_STREAM
  Parameters: {"id"=>"1"}
  [1m[36mPost Load (0.0ms)[0m  [1m[34mSELECT "posts".* FROM "posts" WHERE "posts"."id" = ? LIMIT ?[0m  [["id", 1], ["LIMIT", 1]]
  โณ app/controllers/posts_controller.rb:15:in `show'
  Rendering layout layouts/application.html.erb
  Rendering posts/show.html.erb within layouts/application
  Rendered posts/show.html.erb within layouts/application (Duration: 0.3ms | Allocations: 161)
  Rendered layout layouts/application.html.erb (Duration: 7.1ms | Allocations: 14150)
Completed 200 OK in 9ms (Views: 7.6ms | ActiveRecord: 0.0ms | Allocations: 15304)


Started GET "/posts/index" for ::1 at 2022-12-11 21:15:35 +0900
Processing by PostsController#index as HTML
  Rendering layout layouts/application.html.erb
  Rendering posts/index.html.erb within layouts/application
  [1m[36mPost Load (0.2ms)[0m  [1m[34mSELECT "posts".* FROM "posts"[0m
  โณ app/views/posts/index.html.erb:15
  Rendered posts/index.html.erb within layouts/application (Duration: 1.2ms | Allocations: 742)
  Rendered layout layouts/application.html.erb (Duration: 4.4ms | Allocations: 3096)
Completed 200 OK in 6ms (Views: 4.6ms | ActiveRecord: 0.2ms | Allocations: 3390)


Started GET "/posts/edit/1" for ::1 at 2022-12-11 21:15:36 +0900
Processing by PostsController#edit as HTML
  Parameters: {"id"=>"1"}
  [1m[36mPost Load (0.2ms)[0m  [1m[34mSELECT "posts".* FROM "posts" WHERE "posts"."id" = ? LIMIT ?[0m  [["id", 1], ["LIMIT", 1]]
  โณ app/controllers/posts_controller.rb:19:in `edit'
  Rendering layout layouts/application.html.erb
  Rendering posts/edit.html.erb within layouts/application
  Rendered posts/edit.html.erb within layouts/application (Duration: 0.3ms | Allocations: 216)
  Rendered layout layouts/application.html.erb (Duration: 3.2ms | Allocations: 2393)
Completed 200 OK in 6ms (Views: 3.6ms | ActiveRecord: 0.2ms | Allocations: 3143)


Started POST "/posts/update/1" for ::1 at 2022-12-11 21:15:40 +0900
Processing by PostsController#update as TURBO_STREAM
  Parameters: {"authenticity_token"=>"[FILTERED]", "title"=>"title1", "content"=>"content1\\n\nupdate\n  \n  ", "id"=>"1"}
  [1m[36mPost Load (0.2ms)[0m  [1m[34mSELECT "posts".* FROM "posts" WHERE "posts"."id" = ? LIMIT ?[0m  [["id", 1], ["LIMIT", 1]]
  โณ app/controllers/posts_controller.rb:24:in `update'
  [1m[36mTRANSACTION (0.1ms)[0m  [1m[36mbegin transaction[0m
  โณ app/controllers/posts_controller.rb:26:in `update'
  [1m[36mPost Update (0.6ms)[0m  [1m[33mUPDATE "posts" SET "content" = ?, "updated_at" = ? WHERE "posts"."id" = ?[0m  [["content", "content1\\n\nupdate\n  \n  "], ["updated_at", "2022-12-11 12:15:40.548292"], ["id", 1]]
  โณ app/controllers/posts_controller.rb:26:in `update'
  [1m[36mTRANSACTION (1.7ms)[0m  [1m[36mcommit transaction[0m
  โณ app/controllers/posts_controller.rb:26:in `update'
Redirected to http://localhost:3000/posts/show/1
Completed 302 Found in 9ms (ActiveRecord: 2.6ms | Allocations: 2658)


Started GET "/posts/show/1" for ::1 at 2022-12-11 21:15:40 +0900
Processing by PostsController#show as TURBO_STREAM
  Parameters: {"id"=>"1"}
  [1m[36mPost Load (0.1ms)[0m  [1m[34mSELECT "posts".* FROM "posts" WHERE "posts"."id" = ? LIMIT ?[0m  [["id", 1], ["LIMIT", 1]]
  โณ app/controllers/posts_controller.rb:15:in `show'
  Rendering layout layouts/application.html.erb
  Rendering posts/show.html.erb within layouts/application
  Rendered posts/show.html.erb within layouts/application (Duration: 0.1ms | Allocations: 11)
  Rendered layout layouts/application.html.erb (Duration: 4.2ms | Allocations: 2361)
Completed 200 OK in 6ms (Views: 4.6ms | ActiveRecord: 0.1ms | Allocations: 3091)


Started GET "/posts/index" for ::1 at 2022-12-11 21:15:42 +0900
Processing by PostsController#index as HTML
  Rendering layout layouts/application.html.erb
  Rendering posts/index.html.erb within layouts/application
  [1m[36mPost Load (0.1ms)[0m  [1m[34mSELECT "posts".* FROM "posts"[0m
  โณ app/views/posts/index.html.erb:15
  Rendered posts/index.html.erb within layouts/application (Duration: 1.3ms | Allocations: 606)
  Rendered layout layouts/application.html.erb (Duration: 13.0ms | Allocations: 2948)
Completed 200 OK in 14ms (Views: 13.3ms | ActiveRecord: 0.1ms | Allocations: 3218)


Started GET "/posts/edit/1" for ::1 at 2022-12-11 21:15:43 +0900
Processing by PostsController#edit as HTML
  Parameters: {"id"=>"1"}
  [1m[36mPost Load (0.2ms)[0m  [1m[34mSELECT "posts".* FROM "posts" WHERE "posts"."id" = ? LIMIT ?[0m  [["id", 1], ["LIMIT", 1]]
  โณ app/controllers/posts_controller.rb:19:in `edit'
  Rendering layout layouts/application.html.erb
  Rendering posts/edit.html.erb within layouts/application
  Rendered posts/edit.html.erb within layouts/application (Duration: 0.6ms | Allocations: 194)
  Rendered layout layouts/application.html.erb (Duration: 11.6ms | Allocations: 2369)
Completed 200 OK in 14ms (Views: 12.0ms | ActiveRecord: 0.2ms | Allocations: 3095)


Started POST "/posts/update/1" for ::1 at 2022-12-11 21:16:11 +0900
Processing by PostsController#update as TURBO_STREAM
  Parameters: {"authenticity_token"=>"[FILTERED]", "title"=>"title1", "content"=>"content1 <br/>\nupdate\n  \n  \n  ", "id"=>"1"}
  [1m[36mPost Load (0.2ms)[0m  [1m[34mSELECT "posts".* FROM "posts" WHERE "posts"."id" = ? LIMIT ?[0m  [["id", 1], ["LIMIT", 1]]
  โณ app/controllers/posts_controller.rb:24:in `update'
  [1m[36mTRANSACTION (0.1ms)[0m  [1m[36mbegin transaction[0m
  โณ app/controllers/posts_controller.rb:26:in `update'
  [1m[36mPost Update (0.6ms)[0m  [1m[33mUPDATE "posts" SET "content" = ?, "updated_at" = ? WHERE "posts"."id" = ?[0m  [["content", "content1 <br/>\nupdate\n  \n  \n  "], ["updated_at", "2022-12-11 12:16:11.320148"], ["id", 1]]
  โณ app/controllers/posts_controller.rb:26:in `update'
  [1m[36mTRANSACTION (1.7ms)[0m  [1m[36mcommit transaction[0m
  โณ app/controllers/posts_controller.rb:26:in `update'
Redirected to http://localhost:3000/posts/show/1
Completed 302 Found in 8ms (ActiveRecord: 2.5ms | Allocations: 2587)


Started GET "/posts/show/1" for ::1 at 2022-12-11 21:16:11 +0900
Processing by PostsController#show as TURBO_STREAM
  Parameters: {"id"=>"1"}
  [1m[36mPost Load (0.1ms)[0m  [1m[34mSELECT "posts".* FROM "posts" WHERE "posts"."id" = ? LIMIT ?[0m  [["id", 1], ["LIMIT", 1]]
  โณ app/controllers/posts_controller.rb:15:in `show'
  Rendering layout layouts/application.html.erb
  Rendering posts/show.html.erb within layouts/application
  Rendered posts/show.html.erb within layouts/application (Duration: 0.1ms | Allocations: 12)
  Rendered layout layouts/application.html.erb (Duration: 10.4ms | Allocations: 2354)
Completed 200 OK in 12ms (Views: 10.9ms | ActiveRecord: 0.1ms | Allocations: 3083)


Started GET "/posts/edit/1" for ::1 at 2022-12-11 21:16:13 +0900
Processing by PostsController#edit as HTML
  Parameters: {"id"=>"1"}
  [1m[36mPost Load (0.2ms)[0m  [1m[34mSELECT "posts".* FROM "posts" WHERE "posts"."id" = ? LIMIT ?[0m  [["id", 1], ["LIMIT", 1]]
  โณ app/controllers/posts_controller.rb:19:in `edit'
  Rendering layout layouts/application.html.erb
  Rendering posts/edit.html.erb within layouts/application
  Rendered posts/edit.html.erb within layouts/application (Duration: 0.6ms | Allocations: 180)
  Rendered layout layouts/application.html.erb (Duration: 10.8ms | Allocations: 2355)
Completed 200 OK in 14ms (Views: 11.7ms | ActiveRecord: 0.2ms | Allocations: 3081)


Started POST "/posts/update/1" for ::1 at 2022-12-11 21:16:41 +0900
Processing by PostsController#update as TURBO_STREAM
  Parameters: {"authenticity_token"=>"[FILTERED]", "title"=>"title1", "content"=>"content1\nupdate\n  \n  \n  \n  ", "id"=>"1"}
  [1m[36mPost Load (0.1ms)[0m  [1m[34mSELECT "posts".* FROM "posts" WHERE "posts"."id" = ? LIMIT ?[0m  [["id", 1], ["LIMIT", 1]]
  โณ app/controllers/posts_controller.rb:24:in `update'
  [1m[36mTRANSACTION (0.1ms)[0m  [1m[36mbegin transaction[0m
  โณ app/controllers/posts_controller.rb:26:in `update'
  [1m[36mPost Update (0.5ms)[0m  [1m[33mUPDATE "posts" SET "content" = ?, "updated_at" = ? WHERE "posts"."id" = ?[0m  [["content", "content1\nupdate\n  \n  \n  \n  "], ["updated_at", "2022-12-11 12:16:41.551637"], ["id", 1]]
  โณ app/controllers/posts_controller.rb:26:in `update'
  [1m[36mTRANSACTION (0.9ms)[0m  [1m[36mcommit transaction[0m
  โณ app/controllers/posts_controller.rb:26:in `update'
Redirected to http://localhost:3000/posts/show/1
Completed 302 Found in 7ms (ActiveRecord: 1.6ms | Allocations: 2569)


Started GET "/posts/show/1" for ::1 at 2022-12-11 21:16:41 +0900
Processing by PostsController#show as TURBO_STREAM
  Parameters: {"id"=>"1"}
  [1m[36mPost Load (0.1ms)[0m  [1m[34mSELECT "posts".* FROM "posts" WHERE "posts"."id" = ? LIMIT ?[0m  [["id", 1], ["LIMIT", 1]]
  โณ app/controllers/posts_controller.rb:15:in `show'
  Rendering layout layouts/application.html.erb
  Rendering posts/show.html.erb within layouts/application
  Rendered posts/show.html.erb within layouts/application (Duration: 0.1ms | Allocations: 12)
  Rendered layout layouts/application.html.erb (Duration: 4.4ms | Allocations: 2359)
Completed 200 OK in 6ms (Views: 4.7ms | ActiveRecord: 0.1ms | Allocations: 3089)


Started GET "/posts/show/1" for ::1 at 2022-12-12 01:38:46 +0900
Processing by PostsController#show as HTML
  Parameters: {"id"=>"1"}
  [1m[36mPost Load (1.4ms)[0m  [1m[34mSELECT "posts".* FROM "posts" WHERE "posts"."id" = ? LIMIT ?[0m  [["id", 1], ["LIMIT", 1]]
  โณ app/controllers/posts_controller.rb:15:in `show'
  Rendering layout layouts/application.html.erb
  Rendering posts/show.html.erb within layouts/application
  Rendered posts/show.html.erb within layouts/application (Duration: 0.1ms | Allocations: 12)
  Rendered layout layouts/application.html.erb (Duration: 12.0ms | Allocations: 2363)
Completed 200 OK in 25ms (Views: 12.7ms | ActiveRecord: 1.8ms | Allocations: 3257)


Started GET "/" for ::1 at 2022-12-12 01:46:35 +0900
Processing by PostsController#index as HTML
  Rendering layout layouts/application.html.erb
  Rendering posts/index.html.erb within layouts/application
  [1m[36mPost Load (0.1ms)[0m  [1m[34mSELECT "posts".* FROM "posts"[0m
  โณ app/views/posts/index.html.erb:17
  Rendered posts/index.html.erb within layouts/application (Duration: 3.7ms | Allocations: 2437)
  Rendered layout layouts/application.html.erb (Duration: 53.3ms | Allocations: 16699)
Completed 200 OK in 68ms (Views: 54.9ms | ActiveRecord: 0.3ms | Allocations: 18264)


Started GET "/posts/destroy/1" for ::1 at 2022-12-12 01:46:48 +0900
Processing by PostsController#destroy as HTML
  Parameters: {"id"=>"1"}
  [1m[36mPost Load (0.2ms)[0m  [1m[34mSELECT "posts".* FROM "posts" WHERE "posts"."id" = ? LIMIT ?[0m  [["id", nil], ["LIMIT", 1]]
  โณ app/controllers/posts_controller.rb:32:in `destroy'
Completed 404 Not Found in 4ms (ActiveRecord: 0.2ms | Allocations: 1872)


  
ActiveRecord::RecordNotFound (Couldn't find Post with 'id'={"controller"=>"posts", "action"=>"destroy", "id"=>"1"}):
  
app/controllers/posts_controller.rb:32:in `destroy'
Started GET "/" for ::1 at 2022-12-12 01:46:59 +0900
Processing by PostsController#index as HTML
  Rendering layout layouts/application.html.erb
  Rendering posts/index.html.erb within layouts/application
  [1m[36mPost Load (0.0ms)[0m  [1m[34mSELECT "posts".* FROM "posts"[0m
  โณ app/views/posts/index.html.erb:17
  Rendered posts/index.html.erb within layouts/application (Duration: 2.5ms | Allocations: 2533)
  Rendered layout layouts/application.html.erb (Duration: 13.1ms | Allocations: 16604)
Completed 200 OK in 21ms (Views: 13.9ms | ActiveRecord: 0.4ms | Allocations: 17844)


Started GET "/posts/destroy/1" for ::1 at 2022-12-12 01:47:42 +0900
Processing by PostsController#destroy as HTML
  Parameters: {"id"=>"1"}
  [1m[36mPost Load (0.3ms)[0m  [1m[34mSELECT "posts".* FROM "posts" WHERE "posts"."id" = ? LIMIT ?[0m  [["id", 1], ["LIMIT", 1]]
  โณ app/controllers/posts_controller.rb:32:in `destroy'
  [1m[36mTRANSACTION (0.0ms)[0m  [1m[36mbegin transaction[0m
  โณ app/controllers/posts_controller.rb:33:in `destroy'
  [1m[36mPost Destroy (0.2ms)[0m  [1m[31mDELETE FROM "posts" WHERE "posts"."id" = ?[0m  [["id", 1]]
  โณ app/controllers/posts_controller.rb:33:in `destroy'
  [1m[36mTRANSACTION (0.5ms)[0m  [1m[36mcommit transaction[0m
  โณ app/controllers/posts_controller.rb:33:in `destroy'
Redirected to http://localhost:3000/posts/index
Completed 302 Found in 7ms (ActiveRecord: 1.5ms | Allocations: 5300)


Started GET "/posts/index" for ::1 at 2022-12-12 01:47:42 +0900
Processing by PostsController#index as HTML
  Rendering layout layouts/application.html.erb
  Rendering posts/index.html.erb within layouts/application
  [1m[36mPost Load (0.1ms)[0m  [1m[34mSELECT "posts".* FROM "posts"[0m
  โณ app/views/posts/index.html.erb:17
  Rendered posts/index.html.erb within layouts/application (Duration: 0.6ms | Allocations: 666)
  Rendered layout layouts/application.html.erb (Duration: 13.1ms | Allocations: 14644)
Completed 200 OK in 14ms (Views: 13.6ms | ActiveRecord: 0.1ms | Allocations: 15218)


Started GET "/posts/index" for ::1 at 2022-12-12 02:00:50 +0900
  
LoadError (cannot load such file -- /Users/jeff/workspace/git/ruby-study/config/routes.rb):
  
railties (7.0.4) lib/rails/application/routes_reloader.rb:50:in `load'
railties (7.0.4) lib/rails/application/routes_reloader.rb:50:in `block in load_paths'
railties (7.0.4) lib/rails/application/routes_reloader.rb:50:in `each'
railties (7.0.4) lib/rails/application/routes_reloader.rb:50:in `load_paths'
railties (7.0.4) lib/rails/application/routes_reloader.rb:24:in `reload!'
railties (7.0.4) lib/rails/application/routes_reloader.rb:38:in `block in updater'
activesupport (7.0.4) lib/active_support/file_update_checker.rb:83:in `execute'
railties (7.0.4) lib/rails/application/routes_reloader.rb:13:in `execute'
railties (7.0.4) lib/rails/application/finisher.rb:171:in `block (2 levels) in <module:Finisher>'
activesupport (7.0.4) lib/active_support/callbacks.rb:445:in `instance_exec'
activesupport (7.0.4) lib/active_support/callbacks.rb:445:in `block in make_lambda'
activesupport (7.0.4) lib/active_support/callbacks.rb:199:in `block (2 levels) in halting'
activesupport (7.0.4) lib/active_support/callbacks.rb:687:in `block (2 levels) in default_terminator'
activesupport (7.0.4) lib/active_support/callbacks.rb:686:in `catch'
activesupport (7.0.4) lib/active_support/callbacks.rb:686:in `block in default_terminator'
activesupport (7.0.4) lib/active_support/callbacks.rb:200:in `block in halting'
activesupport (7.0.4) lib/active_support/callbacks.rb:595:in `block in invoke_before'
activesupport (7.0.4) lib/active_support/callbacks.rb:595:in `each'
activesupport (7.0.4) lib/active_support/callbacks.rb:595:in `invoke_before'
activesupport (7.0.4) lib/active_support/callbacks.rb:106:in `run_callbacks'
activesupport (7.0.4) lib/active_support/execution_wrapper.rb:129:in `run'
activesupport (7.0.4) lib/active_support/execution_wrapper.rb:125:in `run!'
activesupport (7.0.4) lib/active_support/reloader.rb:114:in `run!'
activesupport (7.0.4) lib/active_support/execution_wrapper.rb:78:in `block in run!'
<internal:kernel>:90:in `tap'
activesupport (7.0.4) lib/active_support/execution_wrapper.rb:75:in `run!'
activesupport (7.0.4) lib/active_support/reloader.rb:63:in `run!'
actionpack (7.0.4) lib/action_dispatch/middleware/executor.rb:12:in `call'
actionpack (7.0.4) lib/action_dispatch/middleware/actionable_exceptions.rb:17:in `call'
actionpack (7.0.4) lib/action_dispatch/middleware/debug_exceptions.rb:28:in `call'
web-console (4.2.0) lib/web_console/middleware.rb:132:in `call_app'
web-console (4.2.0) lib/web_console/middleware.rb:28:in `block in call'
web-console (4.2.0) lib/web_console/middleware.rb:17:in `catch'
web-console (4.2.0) lib/web_console/middleware.rb:17:in `call'
actionpack (7.0.4) lib/action_dispatch/middleware/show_exceptions.rb:26:in `call'
railties (7.0.4) lib/rails/rack/logger.rb:40:in `call_app'
railties (7.0.4) lib/rails/rack/logger.rb:25:in `block in call'
activesupport (7.0.4) lib/active_support/tagged_logging.rb:99:in `block in tagged'
activesupport (7.0.4) lib/active_support/tagged_logging.rb:37:in `tagged'
activesupport (7.0.4) lib/active_support/tagged_logging.rb:99:in `tagged'
railties (7.0.4) lib/rails/rack/logger.rb:25:in `call'
sprockets-rails (3.4.2) lib/sprockets/rails/quiet_assets.rb:13:in `call'
actionpack (7.0.4) lib/action_dispatch/middleware/remote_ip.rb:93:in `call'
actionpack (7.0.4) lib/action_dispatch/middleware/request_id.rb:26:in `call'
rack (2.2.4) lib/rack/method_override.rb:24:in `call'
rack (2.2.4) lib/rack/runtime.rb:22:in `call'
activesupport (7.0.4) lib/active_support/cache/strategy/local_cache_middleware.rb:29:in `call'
actionpack (7.0.4) lib/action_dispatch/middleware/server_timing.rb:61:in `block in call'
actionpack (7.0.4) lib/action_dispatch/middleware/server_timing.rb:26:in `collect_events'
actionpack (7.0.4) lib/action_dispatch/middleware/server_timing.rb:60:in `call'
actionpack (7.0.4) lib/action_dispatch/middleware/executor.rb:14:in `call'
actionpack (7.0.4) lib/action_dispatch/middleware/static.rb:23:in `call'
rack (2.2.4) lib/rack/sendfile.rb:110:in `call'
actionpack (7.0.4) lib/action_dispatch/middleware/host_authorization.rb:137:in `call'
railties (7.0.4) lib/rails/engine.rb:530:in `call'
puma (5.6.5) lib/puma/configuration.rb:252:in `call'
puma (5.6.5) lib/puma/request.rb:77:in `block in handle_request'
puma (5.6.5) lib/puma/thread_pool.rb:340:in `with_force_shutdown'
puma (5.6.5) lib/puma/request.rb:76:in `handle_request'
puma (5.6.5) lib/puma/server.rb:443:in `process_client'
puma (5.6.5) lib/puma/thread_pool.rb:147:in `block in spawn_thread'
Started GET "/posts/index" for ::1 at 2022-12-12 02:01:24 +0900
  [1m[36mActiveRecord::SchemaMigration Pluck (0.4ms)[0m  [1m[34mSELECT "schema_migrations"."version" FROM "schema_migrations" ORDER BY "schema_migrations"."version" ASC[0m
Processing by PostsController#index as HTML
  Rendering layout layouts/application.html.erb
  Rendering posts/index.html.erb within layouts/application
  [1m[36mPost Load (0.5ms)[0m  [1m[34mSELECT "posts".* FROM "posts"[0m
  โณ app/views/posts/index.html.erb:17
  Rendered posts/index.html.erb within layouts/application (Duration: 31.3ms | Allocations: 1207)
  Rendered layout layouts/application.html.erb (Duration: 295.7ms | Allocations: 36907)
Completed 200 OK in 456ms (Views: 313.4ms | ActiveRecord: 0.5ms | Allocations: 40645)


Started GET "/posts/new" for ::1 at 2022-12-12 02:01:27 +0900
Processing by PostsController#new as HTML
  Rendering layout layouts/application.html.erb
  Rendering posts/new.html.erb within layouts/application
  Rendered posts/new.html.erb within layouts/application (Duration: 1.0ms | Allocations: 384)
  Rendered layout layouts/application.html.erb (Duration: 5.5ms | Allocations: 2693)
Completed 200 OK in 8ms (Views: 6.0ms | ActiveRecord: 0.0ms | Allocations: 3097)


Started POST "/posts/create" for ::1 at 2022-12-12 02:01:35 +0900
Processing by PostsController#create as TURBO_STREAM
  Parameters: {"authenticity_token"=>"[FILTERED]", "title"=>"title2", "content"=>"content2"}
  [1m[36mTRANSACTION (0.0ms)[0m  [1m[36mbegin transaction[0m
  โณ app/controllers/posts_controller.rb:10:in `create'
  [1m[36mPost Create (0.6ms)[0m  [1m[32mINSERT INTO "posts" ("title", "content", "created_at", "updated_at") VALUES (?, ?, ?, ?)[0m  [["title", "title2"], ["content", "content2"], ["created_at", "2022-12-11 17:01:35.121053"], ["updated_at", "2022-12-11 17:01:35.121053"]]
  โณ app/controllers/posts_controller.rb:10:in `create'
  [1m[36mTRANSACTION (0.8ms)[0m  [1m[36mcommit transaction[0m
  โณ app/controllers/posts_controller.rb:10:in `create'
Redirected to http://localhost:3000/posts/index
Completed 302 Found in 15ms (ActiveRecord: 1.9ms | Allocations: 7551)


Started GET "/posts/index" for ::1 at 2022-12-12 02:01:35 +0900
Processing by PostsController#index as TURBO_STREAM
  Rendering layout layouts/application.html.erb
  Rendering posts/index.html.erb within layouts/application
  [1m[36mPost Load (0.1ms)[0m  [1m[34mSELECT "posts".* FROM "posts"[0m
  โณ app/views/posts/index.html.erb:17
  Rendered posts/index.html.erb within layouts/application (Duration: 1.2ms | Allocations: 706)
  Rendered layout layouts/application.html.erb (Duration: 4.5ms | Allocations: 3211)
Completed 200 OK in 6ms (Views: 4.8ms | ActiveRecord: 0.1ms | Allocations: 3583)


Started GET "/posts/show/2" for ::1 at 2022-12-12 02:01:43 +0900
Processing by PostsController#show as HTML
  Parameters: {"id"=>"2"}
  [1m[36mPost Load (0.2ms)[0m  [1m[34mSELECT "posts".* FROM "posts" WHERE "posts"."id" = ? LIMIT ?[0m  [["id", 2], ["LIMIT", 1]]
  โณ app/controllers/posts_controller.rb:15:in `show'
  Rendering layout layouts/application.html.erb
  Rendering posts/show.html.erb within layouts/application
  Rendered posts/show.html.erb within layouts/application (Duration: 0.4ms | Allocations: 155)
  Rendered layout layouts/application.html.erb (Duration: 9.3ms | Allocations: 2675)
Completed 200 OK in 38ms (Views: 9.7ms | ActiveRecord: 0.2ms | Allocations: 8608)


Started GET "/posts/index" for ::1 at 2022-12-12 02:01:45 +0900
Processing by PostsController#index as HTML
  Rendering layout layouts/application.html.erb
  Rendering posts/index.html.erb within layouts/application
  [1m[36mPost Load (0.1ms)[0m  [1m[34mSELECT "posts".* FROM "posts"[0m
  โณ app/views/posts/index.html.erb:17
  Rendered posts/index.html.erb within layouts/application (Duration: 1.3ms | Allocations: 644)
  Rendered layout layouts/application.html.erb (Duration: 16.6ms | Allocations: 2972)
Completed 200 OK in 18ms (Views: 17.0ms | ActiveRecord: 0.1ms | Allocations: 3255)


Started GET "/posts/edit/2" for ::1 at 2022-12-12 02:01:47 +0900
Processing by PostsController#edit as HTML
  Parameters: {"id"=>"2"}
  [1m[36mPost Load (0.1ms)[0m  [1m[34mSELECT "posts".* FROM "posts" WHERE "posts"."id" = ? LIMIT ?[0m  [["id", 2], ["LIMIT", 1]]
  โณ app/controllers/posts_controller.rb:19:in `edit'
  Rendering layout layouts/application.html.erb
  Rendering posts/edit.html.erb within layouts/application
  Rendered posts/edit.html.erb within layouts/application (Duration: 1.1ms | Allocations: 336)
  Rendered layout layouts/application.html.erb (Duration: 14.8ms | Allocations: 2511)
Completed 200 OK in 18ms (Views: 15.3ms | ActiveRecord: 0.1ms | Allocations: 3294)


Started POST "/posts/update/2" for ::1 at 2022-12-12 02:01:54 +0900
Processing by PostsController#update as TURBO_STREAM
  Parameters: {"authenticity_token"=>"[FILTERED]", "title"=>"title2", "content"=>"content23456\n  ", "id"=>"2"}
  [1m[36mPost Load (0.1ms)[0m  [1m[34mSELECT "posts".* FROM "posts" WHERE "posts"."id" = ? LIMIT ?[0m  [["id", 2], ["LIMIT", 1]]
  โณ app/controllers/posts_controller.rb:24:in `update'
  [1m[36mTRANSACTION (0.0ms)[0m  [1m[36mbegin transaction[0m
  โณ app/controllers/posts_controller.rb:26:in `update'
  [1m[36mPost Update (0.3ms)[0m  [1m[33mUPDATE "posts" SET "content" = ?, "updated_at" = ? WHERE "posts"."id" = ?[0m  [["content", "content23456\n  "], ["updated_at", "2022-12-11 17:01:54.049630"], ["id", 2]]
  โณ app/controllers/posts_controller.rb:26:in `update'
  [1m[36mTRANSACTION (0.8ms)[0m  [1m[36mcommit transaction[0m
  โณ app/controllers/posts_controller.rb:26:in `update'
Redirected to http://localhost:3000/posts/show/2
Completed 302 Found in 5ms (ActiveRecord: 1.2ms | Allocations: 2832)


Started GET "/posts/show/2" for ::1 at 2022-12-12 02:01:54 +0900
Processing by PostsController#show as TURBO_STREAM
  Parameters: {"id"=>"2"}
  [1m[36mPost Load (0.1ms)[0m  [1m[34mSELECT "posts".* FROM "posts" WHERE "posts"."id" = ? LIMIT ?[0m  [["id", 2], ["LIMIT", 1]]
  โณ app/controllers/posts_controller.rb:15:in `show'
  Rendering layout layouts/application.html.erb
  Rendering posts/show.html.erb within layouts/application
  Rendered posts/show.html.erb within layouts/application (Duration: 0.0ms | Allocations: 11)
  Rendered layout layouts/application.html.erb (Duration: 32.6ms | Allocations: 2347)
Completed 200 OK in 34ms (Views: 32.9ms | ActiveRecord: 0.1ms | Allocations: 3077)


Started GET "/posts/index" for ::1 at 2022-12-12 02:01:55 +0900
Processing by PostsController#index as HTML
  Rendering layout layouts/application.html.erb
  Rendering posts/index.html.erb within layouts/application
  [1m[36mPost Load (0.1ms)[0m  [1m[34mSELECT "posts".* FROM "posts"[0m
  โณ app/views/posts/index.html.erb:17
  Rendered posts/index.html.erb within layouts/application (Duration: 0.8ms | Allocations: 608)
  Rendered layout layouts/application.html.erb (Duration: 11.5ms | Allocations: 2949)
Completed 200 OK in 13ms (Views: 11.8ms | ActiveRecord: 0.1ms | Allocations: 3219)


Started GET "/posts/destroy/2" for ::1 at 2022-12-12 02:01:58 +0900
Processing by PostsController#destroy as HTML
  Parameters: {"id"=>"2"}
  [1m[36mPost Load (0.1ms)[0m  [1m[34mSELECT "posts".* FROM "posts" WHERE "posts"."id" = ? LIMIT ?[0m  [["id", 2], ["LIMIT", 1]]
  โณ app/controllers/posts_controller.rb:32:in `destroy'
  [1m[36mTRANSACTION (0.0ms)[0m  [1m[36mbegin transaction[0m
  โณ app/controllers/posts_controller.rb:33:in `destroy'
  [1m[36mPost Destroy (0.3ms)[0m  [1m[31mDELETE FROM "posts" WHERE "posts"."id" = ?[0m  [["id", 2]]
  โณ app/controllers/posts_controller.rb:33:in `destroy'
  [1m[36mTRANSACTION (0.8ms)[0m  [1m[36mcommit transaction[0m
  โณ app/controllers/posts_controller.rb:33:in `destroy'
Redirected to http://localhost:3000/posts/index
Completed 302 Found in 5ms (ActiveRecord: 1.2ms | Allocations: 2135)


Started GET "/posts/index" for ::1 at 2022-12-12 02:01:58 +0900
Processing by PostsController#index as HTML
  Rendering layout layouts/application.html.erb
  Rendering posts/index.html.erb within layouts/application
  [1m[36mPost Load (0.1ms)[0m  [1m[34mSELECT "posts".* FROM "posts"[0m
  โณ app/views/posts/index.html.erb:17
  Rendered posts/index.html.erb within layouts/application (Duration: 0.6ms | Allocations: 532)
  Rendered layout layouts/application.html.erb (Duration: 22.0ms | Allocations: 2876)
Completed 200 OK in 23ms (Views: 22.2ms | ActiveRecord: 0.1ms | Allocations: 3146)


